{"level":"info","message":"adding new subcriteria to {\n  \"id\": 1,\n  \"name\": \"Big_3\",\n  \"criteria\": true,\n  \"subCriteria\": [\n    {\n      \"id\": 1,\n      \"name\": \"Small_1\",\n      \"subCriteria\": true\n    },\n    {\n      \"id\": 2,\n      \"name\": \"Small_2\",\n      \"subCriteria\": true\n    }\n  ]\n}","metadata":{},"timestamp":"2022-04-01 19:07:24"}
{"level":"info","message":"adding new subcriteria to [object Object]","metadata":{},"timestamp":"2022-04-01 19:07:46"}
{"level":"info","message":"adding new subcriteria to [object Object]","metadata":{},"timestamp":"2022-04-01 19:08:39"}
{"level":"info","message":"adding new subcriteria to {\n  \"id\": 1,\n  \"name\": \"Big_3\",\n  \"criteria\": true,\n  \"subCriteria\": [\n    {\n      \"id\": 1,\n      \"name\": \"Small_1\",\n      \"subCriteria\": true\n    },\n    {\n      \"id\": 2,\n      \"name\": \"Small_2\",\n      \"subCriteria\": true\n    }\n  ]\n}","metadata":{},"timestamp":"2022-04-01 19:09:05"}
{"level":"error","message":"adding new subcriteria to {\n  \"id\": 1,\n  \"name\": \"Big_3\",\n  \"criteria\": true,\n  \"subCriteria\": [\n    {\n      \"id\": 1,\n      \"name\": \"Small_1\",\n      \"subCriteria\": true\n    },\n    {\n      \"id\": 2,\n      \"name\": \"Small_2\",\n      \"subCriteria\": true\n    }\n  ]\n}","metadata":{},"timestamp":"2022-04-01 19:09:34"}
{"level":"info","message":"adding new subcriteria to {\n  \"id\": 1,\n  \"name\": \"Big_3\",\n  \"criteria\": true,\n  \"subCriteria\": [\n    {\n      \"id\": 1,\n      \"name\": \"Small_1\",\n      \"subCriteria\": true\n    },\n    {\n      \"id\": 2,\n      \"name\": \"Small_2\",\n      \"subCriteria\": true\n    }\n  ]\n}","metadata":{},"timestamp":"2022-04-01 19:11:22"}
{"level":"info","message":"adding new subcriteria to {\n  \"id\": 1,\n  \"name\": \"Big_3\",\n  \"criteria\": true,\n  \"subCriteria\": [\n    {\n      \"id\": 1,\n      \"name\": \"Small_1\",\n      \"subCriteria\": true\n    },\n    {\n      \"id\": 2,\n      \"name\": \"Small_2\",\n      \"subCriteria\": true\n    }\n  ]\n}","metadata":{},"timestamp":"2022-04-01 19:15:50"}
{"level":"info","message":"adding new subcriteria to {\n  \"id\": 1,\n  \"name\": \"Big_3\",\n  \"criteria\": true,\n  \"subCriteria\": [\n    {\n      \"id\": 1,\n      \"name\": \"Small_1\",\n      \"subCriteria\": true\n    },\n    {\n      \"id\": 2,\n      \"name\": \"Small_2\",\n      \"subCriteria\": true\n    }\n  ]\n}","metadata":{},"timestamp":"2022-04-01 19:16:49"}
{"level":"info","message":"adding new subcriteria to {\n  \"id\": 1,\n  \"name\": \"Big_3\",\n  \"criteria\": true,\n  \"subCriteria\": [\n    {\n      \"id\": 1,\n      \"name\": \"Small_1\",\n      \"subCriteria\": true\n    },\n    {\n      \"id\": 2,\n      \"name\": \"Small_2\",\n      \"subCriteria\": true\n    }\n  ]\n}","metadata":{},"timestamp":"2022-04-01 19:17:24"}
{"level":"info","message":"adding new subcriteria to {\n  \"id\": 1,\n  \"name\": \"Big_3\",\n  \"criteria\": true,\n  \"subCriteria\": [\n    {\n      \"id\": 1,\n      \"name\": \"Small_1\",\n      \"subCriteria\": true\n    },\n    {\n      \"id\": 2,\n      \"name\": \"Small_2\",\n      \"subCriteria\": true\n    }\n  ]\n}","metadata":{},"timestamp":"2022-04-01 19:17:24"}
{"level":"info","message":"adding new subcriteria to {\n  \"id\": 1,\n  \"name\": \"Big_3\",\n  \"criteria\": true,\n  \"subCriteria\": [\n    {\n      \"id\": 1,\n      \"name\": \"Small_1\",\n      \"subCriteria\": true\n    },\n    {\n      \"id\": 2,\n      \"name\": \"Small_2\",\n      \"subCriteria\": true\n    }\n  ]\n}","metadata":{},"timestamp":"2022-04-01 19:19:02"}
{"level":"info","message":"adding new subcriteria to \"Big_3\"","metadata":{},"timestamp":"2022-04-01 19:21:02"}
{"level":"info","message":"adding new subcriteria to \"Big_3\"","metadata":{},"timestamp":"2022-04-01 19:21:22"}
{"level":"info","message":"adding new subcriteria to \"Big_3\"","metadata":{},"timestamp":"2022-04-01 19:21:23"}
{"level":"info","message":"adding new subcriteria to \"Big_3\"","metadata":{},"timestamp":"2022-04-01 19:24:40"}
{"level":"info","message":"adding new subcriteria to Big_3","metadata":{},"timestamp":"2022-04-01 19:25:15"}
{"level":"info","message":"adding new subcriteria to [object Object]","metadata":{},"timestamp":"2022-04-01 19:25:31"}
{"level":"info","message":"adding new subcriteria to Big_3","metadata":{},"timestamp":"2022-04-01 19:25:49"}
{"level":"info","message":"adding new subcriteria to \"Big_3\"","metadata":{},"timestamp":"2022-04-01 19:26:55"}
{"level":"info","message":"adding new subcriteria to \"Big_3\"","metadata":{},"timestamp":"2022-04-01 19:27:51"}
{"level":"info","message":"adding new subcriteria to \"Big_3\"","metadata":{},"timestamp":"2022-04-01 19:30:02"}
{"level":"info","message":"adding new subcriteria to Big_3","metadata":{},"timestamp":"2022-04-01 19:30:55"}
{"level":"info","message":"adding new subcriteria to Big_3","metadata":{},"timestamp":"2022-04-01 19:31:47"}
{"level":"info","message":"adding new subcriteria to Big_3","metadata":{},"timestamp":"2022-04-01 19:31:52"}
{"level":"info","message":"adding new subcriteria to Big_3","metadata":{},"timestamp":"2022-04-01 19:32:03"}
{"level":"info","message":"adding new subcriteria to Big_3 criteria","metadata":{},"timestamp":"2022-04-01 19:32:31"}
{"level":"info","message":"Get all users","metadata":{},"timestamp":"2022-04-01 19:52:47"}
{"level":"info","message":"Get all events","metadata":{},"timestamp":"2022-04-01 20:01:10"}
{"level":"error","message":"Cannot read properties of undefined (reading 'map')","metadata":{},"timestamp":"2022-04-01 20:01:10"}
{"level":"info","message":"Get all events","metadata":{},"timestamp":"2022-04-01 20:01:52"}
{"level":"error","message":"Cannot read properties of undefined (reading 'map')","metadata":{},"timestamp":"2022-04-01 20:01:52"}
{"level":"info","message":"Get all events","metadata":{},"timestamp":"2022-04-01 20:02:35"}
{"level":"info","message":"Get all events ,,,","metadata":{},"timestamp":"2022-04-01 20:06:25"}
{"level":"error","message":"Cannot read properties of undefined (reading 'map')","metadata":{},"timestamp":"2022-04-01 20:06:25"}
{"level":"info","message":"Get all events ,,,","metadata":{},"timestamp":"2022-04-01 20:07:15"}
{"level":"info","message":"Get","metadata":{},"timestamp":"2022-04-01 20:16:11"}
{"level":"info","message":"Get all events ,,,","metadata":{},"timestamp":"2022-04-01 20:16:11"}
{"level":"info","message":"Get all events","metadata":{},"timestamp":"2022-04-01 20:18:21"}
{"level":"info","message":",,,","metadata":{},"timestamp":"2022-04-01 20:18:21"}
{"level":"info","message":"Get all events","metadata":{},"timestamp":"2022-04-01 20:18:45"}
{"level":"info","message":"Black_Eval,White_Eval,Green_Eval,Blue_Eval","metadata":{},"timestamp":"2022-04-01 20:18:45"}
{"level":"info","message":"Get all events","metadata":{},"timestamp":"2022-04-01 20:21:12"}
{"level":"info","message":"undefined","metadata":{},"timestamp":"2022-04-01 20:21:12"}
{"level":"info","message":"Get all events","metadata":{},"timestamp":"2022-04-01 20:27:21"}
{"level":"info","message":"undefined","metadata":{},"timestamp":"2022-04-01 20:27:21"}
{"level":"info","message":"Get all events","metadata":{},"timestamp":"2022-04-01 20:27:44"}
{"level":"info","message":"Get all events","metadata":{},"timestamp":"2022-04-01 20:28:13"}
{"level":"info","message":",,,","metadata":{},"timestamp":"2022-04-01 20:28:13"}
{"level":"info","message":"Get all events","metadata":{},"timestamp":"2022-04-01 20:29:01"}
{"level":"info","message":"Black_Eval,White_Eval,Green_Eval,Blue_Eval","metadata":{},"timestamp":"2022-04-01 20:29:01"}
{"level":"info","message":"Get all events","metadata":{},"timestamp":"2022-04-01 20:32:17"}
{"level":"info","message":"dfdf Black_Eval,White_Eval,Green_Eval,Blue_Eval","metadata":{},"timestamp":"2022-04-01 20:32:17"}
{"level":"info","message":"Get all events Black_Eval,White_Eval,Green_Eval,Blue_Eval","metadata":{},"timestamp":"2022-04-01 20:32:36"}
{"level":"info","message":"Get all events \n Black_Eval,White_Eval,Green_Eval,Blue_Eval","metadata":{},"timestamp":"2022-04-01 20:32:57"}
{"level":"info","message":"All events Black_Eval,White_Eval,Green_Eval,Blue_Eval","metadata":{},"timestamp":"2022-04-01 20:38:45"}
{"level":"info","message":"All events Black_Eval,White_Eval,Green_Eval,Blue_Eval","metadata":{},"timestamp":"2022-04-01 20:55:32"}
{"level":"error","message":"Cannot read properties of undefined (reading 'map')","metadata":{},"timestamp":"2022-04-01 20:55:32"}
{"level":"info","message":"All events Black_Eval,White_Eval,Green_Eval,Blue_Eval","metadata":{},"timestamp":"2022-04-01 20:57:05"}
{"level":"error","message":"Cannot read properties of undefined (reading 'map')","metadata":{},"timestamp":"2022-04-01 20:57:05"}
{"level":"info","message":"All events Black_Eval,White_Eval,Green_Eval,Blue_Eval","metadata":{},"timestamp":"2022-04-01 20:58:07"}
{"level":"error","message":"Cannot read properties of undefined (reading 'map')","metadata":{},"timestamp":"2022-04-01 20:58:07"}
{"level":"info","message":"All events Black_Eval,White_Eval,Green_Eval,Blue_Eval","metadata":{},"timestamp":"2022-04-01 20:58:22"}
{"level":"info","message":"All events Black_Eval,White_Eval,Green_Eval,Blue_Eval","metadata":{},"timestamp":"2022-04-01 20:59:10"}
{"level":"info","message":"All events Black_Eval,White_Eval,Green_Eval,Blue_Eval","metadata":{},"timestamp":"2022-04-01 20:59:41"}
{"level":"info","message":"All events Black_Eval,White_Eval,Green_Eval,Blue_Eval","metadata":{},"timestamp":"2022-04-01 21:00:29"}
{"level":"info","message":"All events Black_Eval,White_Eval,Green_Eval,Blue_Eval","metadata":{},"timestamp":"2022-04-01 21:01:12"}
{"level":"info","message":"All events Black_Eval,White_Eval,Green_Eval,Blue_Eval","metadata":{},"timestamp":"2022-04-01 21:03:27"}
{"level":"info","message":"All events Black_Eval,White_Eval,Green_Eval,Blue_Eval","metadata":{},"timestamp":"2022-04-01 21:03:50"}
{"level":"info","message":"All events Black_Eval,White_Eval,Green_Eval,Blue_Eval","metadata":{},"timestamp":"2022-04-01 21:04:29"}
{"level":"info","message":"All events Black_Eval,White_Eval,Green_Eval,Blue_Eval","metadata":{},"timestamp":"2022-04-01 21:05:16"}
{"level":"info","message":"All events Black_Eval,White_Eval,Green_Eval,Blue_Eval","metadata":{},"timestamp":"2022-04-01 21:05:25"}
{"level":"info","message":"All events Black_Eval,White_Eval,Green_Eval,Blue_Eval","metadata":{},"timestamp":"2022-04-01 21:05:46"}
{"level":"info","message":"All events Black_Eval,White_Eval,Green_Eval,Blue_Eval","metadata":{},"timestamp":"2022-04-01 21:05:48"}
{"level":"info","message":"All events Black_Eval,White_Eval,Green_Eval,Blue_Eval","metadata":{},"timestamp":"2022-04-01 21:06:12"}
{"level":"info","message":"All events Black_Eval,White_Eval,Green_Eval,Blue_Eval","metadata":{},"timestamp":"2022-04-01 21:06:42"}
{"level":"info","message":"All events Black_Eval,White_Eval,Green_Eval,Blue_Eval","metadata":{},"timestamp":"2022-04-01 21:07:10"}
{"level":"info","message":"All events Black_Eval,White_Eval,Green_Eval,Blue_Eval","metadata":{},"timestamp":"2022-04-01 21:12:27"}
{"level":"info","message":"All events Black_Eval,White_Eval,Green_Eval,Blue_Eval","metadata":{},"timestamp":"2022-04-01 21:12:59"}
{"level":"info","message":"All events Black_Eval,White_Eval,Green_Eval,Blue_Eval","metadata":{},"timestamp":"2022-04-01 21:13:33"}
{"level":"info","message":"All events Black_Eval,White_Eval,Green_Eval,Blue_Eval","metadata":{},"timestamp":"2022-04-01 21:14:45"}
{"level":"info","message":"All events Black_Eval,White_Eval,Green_Eval,Blue_Eval","metadata":{},"timestamp":"2022-04-01 21:15:40"}
{"level":"info","message":"no criteria","metadata":{},"timestamp":"2022-04-01 21:15:40"}
{"level":"info","message":"no criteria","metadata":{},"timestamp":"2022-04-01 21:15:40"}
{"level":"info","message":"no user","metadata":{},"timestamp":"2022-04-01 21:15:40"}
{"level":"info","message":"All events Black_Eval,White_Eval,Green_Eval,Blue_Eval","metadata":{},"timestamp":"2022-04-01 21:15:54"}
{"level":"info","message":"no criteria","metadata":{},"timestamp":"2022-04-01 21:15:54"}
{"level":"info","message":"no criteria","metadata":{},"timestamp":"2022-04-01 21:15:54"}
{"level":"info","message":"no user","metadata":{},"timestamp":"2022-04-01 21:15:54"}
{"level":"info","message":"All events Black_Eval,White_Eval,Green_Eval,Blue_Eval","metadata":{},"timestamp":"2022-04-01 21:16:03"}
{"level":"info","message":"no criteria","metadata":{},"timestamp":"2022-04-01 21:16:03"}
{"level":"info","message":"no criteria","metadata":{},"timestamp":"2022-04-01 21:16:03"}
{"level":"info","message":"no user","metadata":{},"timestamp":"2022-04-01 21:16:03"}
{"level":"info","message":"All events Black_Eval,White_Eval,Green_Eval,Blue_Eval","metadata":{},"timestamp":"2022-04-01 21:16:41"}
{"level":"info","message":"All events Black_Eval,White_Eval,Green_Eval,Blue_Eval","metadata":{},"timestamp":"2022-04-01 21:18:06"}
{"level":"info","message":"All events Black_Eval,White_Eval,Green_Eval,Blue_Eval","metadata":{},"timestamp":"2022-04-01 21:19:06"}
{"level":"info","message":"no criteria","metadata":{},"timestamp":"2022-04-01 21:19:06"}
{"level":"info","message":"no criteria","metadata":{},"timestamp":"2022-04-01 21:19:06"}
{"level":"info","message":"no user","metadata":{},"timestamp":"2022-04-01 21:19:06"}
{"level":"info","message":"All events Black_Eval,White_Eval,Green_Eval,Blue_Eval","metadata":{},"timestamp":"2022-04-01 21:21:40"}
{"level":"info","message":"All events Black_Eval,White_Eval,Green_Eval,Blue_Eval","metadata":{},"timestamp":"2022-04-01 21:22:21"}
{"level":"info","message":"All events Black_Eval,White_Eval,Green_Eval,Blue_Eval","metadata":{},"timestamp":"2022-04-01 21:23:00"}
{"level":"info","message":"All events Black_Eval,White_Eval,Green_Eval,Blue_Eval","metadata":{},"timestamp":"2022-04-01 21:23:39"}
{"level":"info","message":"All events Black_Eval,White_Eval,Green_Eval,Blue_Eval","metadata":{},"timestamp":"2022-04-01 21:31:28"}
{"level":"info","message":"All events Black_Eval,White_Eval,Green_Eval,Blue_Eval","metadata":{},"timestamp":"2022-04-01 21:50:48"}
{"level":"error","message":"Cannot read properties of undefined (reading 'map')","metadata":{},"timestamp":"2022-04-01 21:50:48"}
{"level":"info","message":"All events Black_Eval,White_Eval,Green_Eval,Blue_Eval","metadata":{},"timestamp":"2022-04-01 21:51:11"}
{"level":"info","message":"All events Black_Eval,White_Eval,Green_Eval,Blue_Eval","metadata":{},"timestamp":"2022-04-01 22:53:23"}
{"level":"error","message":"Cannot read properties of undefined (reading 'map')","metadata":{},"timestamp":"2022-04-01 22:53:23"}
{"level":"info","message":"All events Black_Eval,White_Eval,Green_Eval,Blue_Eval","metadata":{},"timestamp":"2022-04-01 22:56:01"}
{"level":"info","message":"All events Black_Eval,White_Eval,Green_Eval,Blue_Eval","metadata":{},"timestamp":"2022-04-01 22:58:12"}
{"level":"info","message":"All events Black_Eval,White_Eval,Green_Eval,Blue_Eval","metadata":{},"timestamp":"2022-04-01 22:58:17"}
{"level":"info","message":"All events Black_Eval,White_Eval,Green_Eval,Blue_Eval","metadata":{},"timestamp":"2022-04-01 23:02:10"}
{"level":"info","message":" ,,,","metadata":{},"timestamp":"2022-04-01 23:02:10"}
{"level":"info","message":"All events Black_Eval,White_Eval,Green_Eval,Blue_Eval","metadata":{},"timestamp":"2022-04-01 23:02:24"}
{"level":"info","message":" [object Object],,,","metadata":{},"timestamp":"2022-04-01 23:02:24"}
{"level":"info","message":"All events Black_Eval,White_Eval,Green_Eval,Blue_Eval","metadata":{},"timestamp":"2022-04-01 23:02:44"}
{"level":"info","message":" [object Object],,,","metadata":{},"timestamp":"2022-04-01 23:02:44"}
{"level":"info","message":"All events Black_Eval,White_Eval,Green_Eval,Blue_Eval","metadata":{},"timestamp":"2022-04-01 23:03:09"}
{"level":"info","message":" [object Object],,,","metadata":{},"timestamp":"2022-04-01 23:03:09"}
{"level":"error","message":"Cannot read properties of undefined (reading 'map')","metadata":{},"timestamp":"2022-04-01 23:03:09"}
{"level":"info","message":"All events Black_Eval,White_Eval,Green_Eval,Blue_Eval","metadata":{},"timestamp":"2022-04-01 23:03:23"}
{"level":"info","message":" [object Object],,,","metadata":{},"timestamp":"2022-04-01 23:03:23"}
{"level":"info","message":"All events Black_Eval,White_Eval,Green_Eval,Blue_Eval","metadata":{},"timestamp":"2022-04-01 23:05:12"}
{"level":"info","message":" [object Object],[object Object],,,","metadata":{},"timestamp":"2022-04-01 23:05:12"}
{"level":"info","message":"All events Black_Eval,White_Eval,Green_Eval,Blue_Eval","metadata":{},"timestamp":"2022-04-01 23:07:10"}
{"level":"info","message":" [object Object],[object Object],,,","metadata":{},"timestamp":"2022-04-01 23:07:10"}
{"level":"error","message":"Cannot read properties of undefined (reading 'map')","metadata":{},"timestamp":"2022-04-01 23:07:10"}
{"level":"info","message":"All events Black_Eval,White_Eval,Green_Eval,Blue_Eval","metadata":{},"timestamp":"2022-04-01 23:09:11"}
{"level":"info","message":" [object Object],[object Object],,,","metadata":{},"timestamp":"2022-04-01 23:09:11"}
{"level":"error","message":"Cannot read properties of undefined (reading 'map')","metadata":{},"timestamp":"2022-04-01 23:09:11"}
{"level":"info","message":"All events Black_Eval,White_Eval,Green_Eval,Blue_Eval","metadata":{},"timestamp":"2022-04-01 23:09:28"}
{"level":"info","message":" [object Object],[object Object],,,","metadata":{},"timestamp":"2022-04-01 23:09:28"}
{"level":"error","message":"Cannot read properties of undefined (reading 'map')","metadata":{},"timestamp":"2022-04-01 23:09:28"}
{"level":"info","message":"All events Black_Eval,White_Eval,Green_Eval,Blue_Eval","metadata":{},"timestamp":"2022-04-01 23:09:48"}
{"level":"info","message":" [object Object],[object Object],,,","metadata":{},"timestamp":"2022-04-01 23:09:48"}
{"level":"error","message":"Cannot read properties of undefined (reading 'map')","metadata":{},"timestamp":"2022-04-01 23:09:48"}
{"level":"info","message":"All events Black_Eval,White_Eval,Green_Eval,Blue_Eval","metadata":{},"timestamp":"2022-04-01 23:10:33"}
{"level":"info","message":" [object Object],[object Object],,,","metadata":{},"timestamp":"2022-04-01 23:10:33"}
{"level":"error","message":"Cannot read properties of undefined (reading 'map')","metadata":{},"timestamp":"2022-04-01 23:10:33"}
{"level":"info","message":"All events Black_Eval,White_Eval,Green_Eval,Blue_Eval,Orange_Eval,Purple_Eval,Yellow_Eval,Red_Eval","metadata":{},"timestamp":"2022-04-02 00:08:18"}
{"level":"info","message":" [object Object],[object Object],,,,,,,","metadata":{},"timestamp":"2022-04-02 00:08:18"}
{"level":"error","message":"Cannot read properties of undefined (reading 'map')","metadata":{},"timestamp":"2022-04-02 00:08:18"}
{"level":"info","message":"All events Black_Eval,White_Eval,Green_Eval,Blue_Eval,Orange_Eval,Purple_Eval,Yellow_Eval,Red_Eval","metadata":{},"timestamp":"2022-04-02 00:08:49"}
{"level":"info","message":" [object Object],[object Object],,,,,,,","metadata":{},"timestamp":"2022-04-02 00:08:49"}
{"level":"error","message":"Cannot read properties of undefined (reading 'map')","metadata":{},"timestamp":"2022-04-02 00:08:49"}
{"level":"info","message":"All events Black_Eval,White_Eval,Green_Eval,Blue_Eval,Orange_Eval,Purple_Eval,Yellow_Eval,Red_Eval","metadata":{},"timestamp":"2022-04-02 00:08:49"}
{"level":"info","message":" [object Object],[object Object],,,,,,,","metadata":{},"timestamp":"2022-04-02 00:08:49"}
{"level":"error","message":"Cannot read properties of undefined (reading 'map')","metadata":{},"timestamp":"2022-04-02 00:08:49"}
{"level":"info","message":"All events Black_Eval,White_Eval,Green_Eval,Blue_Eval,Orange_Eval,Purple_Eval,Yellow_Eval,Red_Eval","metadata":{},"timestamp":"2022-04-02 00:10:08"}
{"level":"info","message":" [object Object],[object Object],,,,,,,","metadata":{},"timestamp":"2022-04-02 00:10:08"}
{"level":"error","message":"Cannot read properties of undefined (reading 'map')","metadata":{},"timestamp":"2022-04-02 00:10:08"}
{"level":"info","message":"All events Black_Eval,White_Eval,Green_Eval,Blue_Eval,Orange_Eval,Purple_Eval,Yellow_Eval,Red_Eval","metadata":{},"timestamp":"2022-04-02 00:10:19"}
{"level":"info","message":" [object Object],[object Object],,,,,,,","metadata":{},"timestamp":"2022-04-02 00:10:19"}
{"level":"error","message":"Cannot read properties of undefined (reading 'map')","metadata":{},"timestamp":"2022-04-02 00:10:19"}
{"level":"info","message":"All events Black_Eval,White_Eval,Green_Eval,Blue_Eval,Orange_Eval,Purple_Eval,Yellow_Eval,Red_Eval","metadata":{},"timestamp":"2022-04-02 00:12:21"}
{"level":"info","message":" [object Object],[object Object],,,,,,,","metadata":{},"timestamp":"2022-04-02 00:12:21"}
{"level":"error","message":"Cannot read properties of undefined (reading 'map')","metadata":{},"timestamp":"2022-04-02 00:12:21"}
{"level":"info","message":"All events Black_Eval,White_Eval,Green_Eval,Blue_Eval,Orange_Eval,Purple_Eval,Yellow_Eval,Red_Eval","metadata":{},"timestamp":"2022-04-02 00:15:17"}
{"level":"info","message":" [object Object],[object Object],,,,,,,","metadata":{},"timestamp":"2022-04-02 00:15:17"}
{"level":"info","message":"All events Black_Eval,White_Eval,Green_Eval,Blue_Eval,Orange_Eval,Purple_Eval,Yellow_Eval,Red_Eval","metadata":{},"timestamp":"2022-04-02 00:17:01"}
{"level":"info","message":" [object Object],[object Object],,,,,,,","metadata":{},"timestamp":"2022-04-02 00:17:01"}
{"level":"info","message":"All events Black_Eval,Yellow_Eval,Red_Eval,Orange_Eval,White_Eval,Green_Eval,Blue_Eval,Purple_Eval","metadata":{},"timestamp":"2022-04-04 16:27:36"}
{"level":"info","message":" [object Object],[object Object],,,,,,,","metadata":{},"timestamp":"2022-04-04 16:27:36"}
{"level":"info","message":"All events Black_Eval,Yellow_Eval,Red_Eval,Orange_Eval,White_Eval,Green_Eval,Blue_Eval,Purple_Eval","metadata":{},"timestamp":"2022-04-04 16:32:00"}
{"level":"info","message":" [object Object],[object Object],,,,,,,","metadata":{},"timestamp":"2022-04-04 16:32:00"}
{"level":"info","message":"All events Black_Eval,Yellow_Eval,Red_Eval,Orange_Eval,White_Eval,Green_Eval,Blue_Eval,Purple_Eval","metadata":{},"timestamp":"2022-04-04 16:33:54"}
{"level":"info","message":" [object Object],[object Object],,,,,,,","metadata":{},"timestamp":"2022-04-04 16:33:54"}
{"level":"info","message":"All events Black_Eval,Yellow_Eval,Red_Eval,Orange_Eval,White_Eval,Green_Eval,Blue_Eval,Purple_Eval","metadata":{},"timestamp":"2022-04-04 16:38:52"}
{"level":"info","message":" [object Object],[object Object],,,,,,,","metadata":{},"timestamp":"2022-04-04 16:38:52"}
{"level":"info","message":"All events Black_Eval,Yellow_Eval,Red_Eval,Orange_Eval,White_Eval,Green_Eval,Blue_Eval,Purple_Eval","metadata":{},"timestamp":"2022-04-04 16:44:07"}
{"level":"info","message":" [object Object],[object Object],,,,,,,","metadata":{},"timestamp":"2022-04-04 16:44:07"}
{"level":"info","message":"All events Black_Eval,Yellow_Eval,Red_Eval,Orange_Eval,White_Eval,Green_Eval,Blue_Eval,Purple_Eval","metadata":{},"timestamp":"2022-04-04 16:46:23"}
{"level":"info","message":" [object Object],[object Object],,,,,,,","metadata":{},"timestamp":"2022-04-04 16:46:23"}
{"level":"info","message":"All events Black_Eval,Yellow_Eval,Red_Eval,Orange_Eval,White_Eval,Green_Eval,Blue_Eval,Purple_Eval","metadata":{},"timestamp":"2022-04-04 16:46:52"}
{"level":"info","message":" [object Object],[object Object],,,,,,,","metadata":{},"timestamp":"2022-04-04 16:46:52"}
{"level":"info","message":"All events Black_Eval,Yellow_Eval,Red_Eval,Orange_Eval,White_Eval,Green_Eval,Blue_Eval,Purple_Eval","metadata":{},"timestamp":"2022-04-04 16:48:47"}
{"level":"info","message":" [object Object],[object Object],,,,,,,","metadata":{},"timestamp":"2022-04-04 16:48:47"}
{"level":"info","message":"All events Black_Eval,Yellow_Eval,Red_Eval,Orange_Eval,White_Eval,Green_Eval,Blue_Eval,Purple_Eval","metadata":{},"timestamp":"2022-04-04 16:49:41"}
{"level":"info","message":" [object Object],[object Object],,,,,,,","metadata":{},"timestamp":"2022-04-04 16:49:41"}
{"level":"info","message":"All events Black_Eval,Yellow_Eval,Red_Eval,Orange_Eval,White_Eval,Green_Eval,Blue_Eval,Purple_Eval","metadata":{},"timestamp":"2022-04-04 16:50:36"}
{"level":"info","message":" [object Object],[object Object],,,,,,,","metadata":{},"timestamp":"2022-04-04 16:50:36"}
{"level":"info","message":"All events Black_Eval,Yellow_Eval,Red_Eval,Orange_Eval,White_Eval,Green_Eval,Blue_Eval,Purple_Eval","metadata":{},"timestamp":"2022-04-04 16:51:24"}
{"level":"info","message":" [object Object],[object Object],,,,,,,","metadata":{},"timestamp":"2022-04-04 16:51:24"}
{"level":"info","message":"All events Black_Eval,Yellow_Eval,Red_Eval,Orange_Eval,White_Eval,Green_Eval,Blue_Eval,Purple_Eval","metadata":{},"timestamp":"2022-04-04 16:52:10"}
{"level":"info","message":" [object Object],[object Object],,,,,,,","metadata":{},"timestamp":"2022-04-04 16:52:10"}
{"level":"info","message":"All events Black_Eval,Yellow_Eval,Red_Eval,Orange_Eval,White_Eval,Green_Eval,Blue_Eval,Purple_Eval","metadata":{},"timestamp":"2022-04-04 16:56:16"}
{"level":"info","message":" [object Object],[object Object],,,,,,,","metadata":{},"timestamp":"2022-04-04 16:56:16"}
{"level":"info","message":"All events Black_Eval,Yellow_Eval,Red_Eval,Orange_Eval,White_Eval,Green_Eval,Blue_Eval,Purple_Eval","metadata":{},"timestamp":"2022-04-04 16:57:26"}
{"level":"info","message":" [object Object],[object Object],,,,,,,","metadata":{},"timestamp":"2022-04-04 16:57:26"}
{"level":"info","message":"All events Black_Eval,Yellow_Eval,Red_Eval,Orange_Eval,White_Eval,Green_Eval,Blue_Eval,Purple_Eval","metadata":{},"timestamp":"2022-04-04 16:59:03"}
{"level":"info","message":" [object Object],[object Object],,,,,,,","metadata":{},"timestamp":"2022-04-04 16:59:03"}
{"level":"info","message":"All events Black_Eval,Yellow_Eval,Red_Eval,Orange_Eval,White_Eval,Green_Eval,Blue_Eval,Purple_Eval","metadata":{},"timestamp":"2022-04-04 17:03:01"}
{"level":"info","message":" [object Object],[object Object],,,,,,,","metadata":{},"timestamp":"2022-04-04 17:03:01"}
{"level":"info","message":"All events Black_Eval,Yellow_Eval,Red_Eval,Orange_Eval,White_Eval,Green_Eval,Blue_Eval,Purple_Eval","metadata":{},"timestamp":"2022-04-04 17:03:57"}
{"level":"info","message":" [object Object],[object Object],,,,,,,","metadata":{},"timestamp":"2022-04-04 17:03:57"}
{"level":"info","message":"All events Black_Eval,Yellow_Eval,Red_Eval,Orange_Eval,White_Eval,Green_Eval,Blue_Eval,Purple_Eval","metadata":{},"timestamp":"2022-04-04 17:04:19"}
{"level":"info","message":" [object Object],[object Object],,,,,,,","metadata":{},"timestamp":"2022-04-04 17:04:19"}
{"level":"info","message":"All events Black_Eval,Yellow_Eval,Red_Eval,Orange_Eval,White_Eval,Green_Eval,Blue_Eval,Purple_Eval","metadata":{},"timestamp":"2022-04-04 17:05:01"}
{"level":"info","message":" [object Object],[object Object],,,,,,,","metadata":{},"timestamp":"2022-04-04 17:05:01"}
{"level":"info","message":"All events Black_Eval,Yellow_Eval,Red_Eval,Orange_Eval,White_Eval,Green_Eval,Blue_Eval,Purple_Eval","metadata":{},"timestamp":"2022-04-04 17:05:50"}
{"level":"info","message":" [object Object],[object Object],,,,,,,","metadata":{},"timestamp":"2022-04-04 17:05:50"}
{"level":"info","message":"All events Black_Eval,Yellow_Eval,Red_Eval,Orange_Eval,White_Eval,Green_Eval,Blue_Eval,Purple_Eval","metadata":{},"timestamp":"2022-04-04 17:06:18"}
{"level":"info","message":" [object Object],[object Object],,,,,,,","metadata":{},"timestamp":"2022-04-04 17:06:18"}
{"level":"info","message":"All events Black_Eval,Yellow_Eval,Red_Eval,Orange_Eval,White_Eval,Green_Eval,Blue_Eval,Purple_Eval","metadata":{},"timestamp":"2022-04-04 17:07:19"}
{"level":"info","message":" [object Object],[object Object],,,,,,,","metadata":{},"timestamp":"2022-04-04 17:07:19"}
{"level":"info","message":"All events Black_Eval,Yellow_Eval,Red_Eval,Orange_Eval,White_Eval,Green_Eval,Blue_Eval,Purple_Eval","metadata":{},"timestamp":"2022-04-04 17:07:29"}
{"level":"info","message":" [object Object],[object Object],,,,,,,","metadata":{},"timestamp":"2022-04-04 17:07:29"}
{"level":"info","message":"All events Black_Eval,Yellow_Eval,Red_Eval,Orange_Eval,White_Eval,Green_Eval,Blue_Eval,Purple_Eval","metadata":{},"timestamp":"2022-04-04 17:08:56"}
{"level":"info","message":" [object Object],[object Object],,,,,,,","metadata":{},"timestamp":"2022-04-04 17:08:56"}
{"level":"info","message":"All events Black_Eval,Yellow_Eval,Red_Eval,Orange_Eval,White_Eval,Green_Eval,Blue_Eval,Purple_Eval","metadata":{},"timestamp":"2022-04-04 17:09:32"}
{"level":"info","message":" [object Object],[object Object],,,,,,,","metadata":{},"timestamp":"2022-04-04 17:09:32"}
{"level":"info","message":"All events Black_Eval,Yellow_Eval,Red_Eval,Orange_Eval,White_Eval,Green_Eval,Blue_Eval,Purple_Eval","metadata":{},"timestamp":"2022-04-04 17:11:24"}
{"level":"info","message":" [object Object],[object Object],,,,,,,","metadata":{},"timestamp":"2022-04-04 17:11:24"}
{"level":"info","message":"All events Black_Eval,Yellow_Eval,Red_Eval,Orange_Eval,White_Eval,Green_Eval,Blue_Eval,Purple_Eval","metadata":{},"timestamp":"2022-04-04 17:15:18"}
{"level":"info","message":" [object Object],[object Object],,,,,,,","metadata":{},"timestamp":"2022-04-04 17:15:18"}
{"level":"info","message":"All events Black_Eval,Yellow_Eval,Red_Eval,Orange_Eval,White_Eval,Green_Eval,Blue_Eval,Purple_Eval","metadata":{},"timestamp":"2022-04-04 17:17:00"}
{"level":"info","message":" [object Object],[object Object],,,,,,,","metadata":{},"timestamp":"2022-04-04 17:17:00"}
{"level":"info","message":"All events Black_Eval,Yellow_Eval,Red_Eval,Orange_Eval,White_Eval,Green_Eval,Blue_Eval,Purple_Eval","metadata":{},"timestamp":"2022-04-04 17:17:14"}
{"level":"info","message":" [object Object],[object Object],,,,,,,","metadata":{},"timestamp":"2022-04-04 17:17:14"}
{"level":"info","message":"All events Black_Eval,Yellow_Eval,Red_Eval,Orange_Eval,White_Eval,Green_Eval,Blue_Eval,Purple_Eval","metadata":{},"timestamp":"2022-04-04 17:18:35"}
{"level":"info","message":" [object Object],[object Object],,,,,,,","metadata":{},"timestamp":"2022-04-04 17:18:35"}
{"level":"info","message":"All events Black_Eval,Yellow_Eval,Red_Eval,Orange_Eval,White_Eval,Green_Eval,Blue_Eval,Purple_Eval","metadata":{},"timestamp":"2022-04-04 17:19:12"}
{"level":"info","message":" [object Object],[object Object],,,,,,,","metadata":{},"timestamp":"2022-04-04 17:19:12"}
{"level":"info","message":"All events Black_Eval,Yellow_Eval,Red_Eval,Orange_Eval,White_Eval,Green_Eval,Blue_Eval,Purple_Eval","metadata":{},"timestamp":"2022-04-04 17:20:41"}
{"level":"info","message":" [object Object],[object Object],,,,,,,","metadata":{},"timestamp":"2022-04-04 17:20:41"}
{"level":"info","message":"All events Black_Eval,Yellow_Eval,Red_Eval,Orange_Eval,White_Eval,Green_Eval,Blue_Eval,Purple_Eval","metadata":{},"timestamp":"2022-04-04 17:21:50"}
{"level":"info","message":" [object Object],[object Object],,,,,,,","metadata":{},"timestamp":"2022-04-04 17:21:50"}
{"level":"info","message":"All events Black_Eval,Yellow_Eval,Red_Eval,Orange_Eval,White_Eval,Green_Eval,Blue_Eval,Purple_Eval","metadata":{},"timestamp":"2022-04-04 17:26:00"}
{"level":"info","message":" [object Object],[object Object],,,,,,,","metadata":{},"timestamp":"2022-04-04 17:26:00"}
{"level":"info","message":"All events Black_Eval,Yellow_Eval,Red_Eval,Orange_Eval,White_Eval,Green_Eval,Blue_Eval,Purple_Eval","metadata":{},"timestamp":"2022-04-04 17:26:46"}
{"level":"info","message":" [object Object],[object Object],,,,,,,","metadata":{},"timestamp":"2022-04-04 17:26:46"}
{"level":"info","message":"All events Black_Eval,Yellow_Eval,Red_Eval,Orange_Eval,White_Eval,Green_Eval,Blue_Eval,Purple_Eval","metadata":{},"timestamp":"2022-04-04 17:43:46"}
{"level":"info","message":" [object Object],[object Object],,,,,,,","metadata":{},"timestamp":"2022-04-04 17:43:46"}
{"level":"info","message":"All events Black_Eval,Yellow_Eval,Red_Eval,Orange_Eval,White_Eval,Green_Eval,Blue_Eval,Purple_Eval","metadata":{},"timestamp":"2022-04-04 17:49:21"}
{"level":"info","message":" [object Object],[object Object],,,,,,,","metadata":{},"timestamp":"2022-04-04 17:49:21"}
{"level":"info","message":"All events Black_Eval,Yellow_Eval,Red_Eval,Orange_Eval,White_Eval,Green_Eval,Blue_Eval,Purple_Eval","metadata":{},"timestamp":"2022-04-04 17:49:50"}
{"level":"info","message":" [object Object],[object Object],,,,,,,","metadata":{},"timestamp":"2022-04-04 17:49:50"}
{"level":"info","message":"All events Black_Eval,Yellow_Eval,Red_Eval,Orange_Eval,White_Eval,Green_Eval,Blue_Eval,Purple_Eval","metadata":{},"timestamp":"2022-04-04 17:56:01"}
{"level":"info","message":" [object Object],[object Object],,,,,,,","metadata":{},"timestamp":"2022-04-04 17:56:01"}
{"level":"info","message":"All events Black_Eval,Yellow_Eval,Red_Eval,Orange_Eval,White_Eval,Green_Eval,Blue_Eval,Purple_Eval","metadata":{},"timestamp":"2022-04-04 17:56:06"}
{"level":"info","message":" [object Object],[object Object],,,,,,,","metadata":{},"timestamp":"2022-04-04 17:56:06"}
{"level":"info","message":"All events Black_Eval,Yellow_Eval,Red_Eval,Orange_Eval,White_Eval,Green_Eval,Blue_Eval,Purple_Eval","metadata":{"metadata":{}},"timestamp":"2022-04-04 17:57:28"}
{"level":"info","message":" [object Object],[object Object],,,,,,,","metadata":{"metadata":{}},"timestamp":"2022-04-04 17:57:28"}
{"level":"info","message":"All events Black_Eval,Yellow_Eval,Red_Eval,Orange_Eval,White_Eval,Green_Eval,Blue_Eval,Purple_Eval","metadata":{"metadata":{}},"timestamp":"2022-04-04 17:57:53"}
{"level":"info","message":" [object Object],[object Object],,,,,,,","metadata":{"metadata":{}},"timestamp":"2022-04-04 17:57:53"}
{"level":"info","message":"All events Black_Eval,Yellow_Eval,Red_Eval,Orange_Eval,White_Eval,Green_Eval,Blue_Eval,Purple_Eval","metadata":{"metadata":{}},"timestamp":"2022-04-04 18:00:16"}
{"level":"info","message":"All events Black_Eval,Yellow_Eval,Red_Eval,Orange_Eval,White_Eval,Green_Eval,Blue_Eval,Purple_Eval","metadata":{"metadata":{}},"timestamp":"2022-04-04 18:10:00"}
{"level":"info","message":" bbblla","metadata":{"metadata":{}},"timestamp":"2022-04-04 18:10:00"}
{"level":"info","message":"All events Black_Eval,Yellow_Eval,Red_Eval,Orange_Eval,White_Eval,Green_Eval,Blue_Eval,Purple_Eval","metadata":{"metadata":{}},"timestamp":"2022-04-04 18:10:34"}
{"level":"info","message":" bbblla","metadata":{"metadata":{}},"timestamp":"2022-04-04 18:10:34"}
{"level":"info","message":"All events Black_Eval,Yellow_Eval,Red_Eval,Orange_Eval,White_Eval,Green_Eval,Blue_Eval,Purple_Eval","metadata":{},"timestamp":"2022-04-04 18:11:29"}
{"level":"info","message":" bbblla","metadata":{},"timestamp":"2022-04-04 18:11:29"}
{"level":"info","message":"All events Black_Eval,Yellow_Eval,Red_Eval,Orange_Eval,White_Eval,Green_Eval,Blue_Eval,Purple_Eval","metadata":{},"timestamp":"2022-04-04 18:12:47"}
{"level":"info","message":" bbblla","metadata":{},"timestamp":"2022-04-04 18:12:47"}
